Deluge restart Date:  Mon May 5 22:45:56 PDT 2014
Deluge restart Date:  Mon May 5 22:47:01 PDT 2014
Deluge restart Date:  Mon May 5 22:53:02 PDT 2014
Deluge restart Date:  Mon May 5 22:55:01 PDT 2014
Deluge-daemon restart Date:  Tue May 6 11:12:01 PDT 2014
Deluge-daemon restart Date:  Mon May 12 00:20:01 PDT 2014
Deluge-daemon restart Date:  Tue May 13 01:26:01 PDT 2014
Deluge-daemon restart Date:  Tue May 13 01:29:01 PDT 2014
Deluge-daemon restart Date:  Tue May 13 01:31:01 PDT 2014
Deluge-daemon restart Date:  Tue May 13 01:34:01 PDT 2014
Deluge-daemon restart Date:  Tue May 13 01:36:02 PDT 2014
Deluge-daemon restart Date:  Tue May 13 01:38:01 PDT 2014
Deluge-daemon restart Date:  Tue May 13 01:47:01 PDT 2014
Deluge-daemon restart Date:  Tue May 13 23:36:01 PDT 2014
Deluge-daemon restart Date:  Tue May 13 23:44:01 PDT 2014
Deluge-daemon restart Date:  Tue May 13 23:50:01 PDT 2014
Deluge-daemon restart Date:  Tue May 13 23:51:01 PDT 2014
Deluge-daemon restart Date:  Wed May 14 00:31:01 PDT 2014
Deluge-daemon restart Date:  Wed May 14 00:40:02 PDT 2014
Deluge-daemon restart Date:  Wed May 14 00:49:01 PDT 2014
Deluge-daemon restart Date:  Wed May 14 01:13:01 PDT 2014
Deluge-daemon restart Date:  Wed May 14 01:16:01 PDT 2014
Deluge-daemon restart Date:  Wed May 14 01:27:01 PDT 2014
Deluge-daemon restart Date:  Wed May 14 01:35:01 PDT 2014
Deluge-daemon restart Date:  Wed May 14 01:45:01 PDT 2014
Deluge-daemon restart Date:  Wed May 14 01:54:01 PDT 2014
Deluge-daemon restart Date:  Wed May 14 01:57:01 PDT 2014
Deluge-daemon restart Date:  Wed May 14 02:19:01 PDT 2014
Deluge-daemon restart Date:  Wed May 14 02:44:01 PDT 2014
Deluge-daemon restart Date:  Wed May 14 02:51:01 PDT 2014
Deluge-daemon restart Date:  Wed May 14 03:03:01 PDT 2014
Deluge-daemon restart Date:  Wed May 14 03:37:01 PDT 2014
Deluge-daemon restart Date:  Wed May 14 04:13:01 PDT 2014
Deluge-daemon restart Date:  Wed May 14 04:22:01 PDT 2014
Deluge-daemon restart Date:  Wed May 14 04:31:01 PDT 2014
Deluge-daemon restart Date:  Wed May 14 04:56:01 PDT 2014
Deluge-daemon restart Date:  Wed May 14 05:08:01 PDT 2014
Deluge-daemon restart Date:  Wed May 14 06:41:01 PDT 2014
Deluge-daemon restart Date:  Wed May 14 06:49:01 PDT 2014
Deluge-daemon restart Date:  Wed May 14 06:59:01 PDT 2014
Deluge-daemon restart Date:  Wed May 14 07:02:01 PDT 2014
Deluge-daemon restart Date:  Wed May 14 08:55:01 PDT 2014
Deluge-daemon restart Date:  Wed May 14 11:53:01 PDT 2014
Deluge-daemon restart Date:  Wed May 14 12:06:01 PDT 2014
Deluge-daemon restart Date:  Wed May 14 12:34:01 PDT 2014
Deluge-daemon restart Date:  Wed May 14 12:58:01 PDT 2014
Deluge-daemon restart Date:  Wed May 14 13:05:01 PDT 2014
Deluge-daemon restart Date:  Wed May 14 13:13:01 PDT 2014
Deluge-daemon restart Date:  Wed May 14 13:34:01 PDT 2014
Deluge-daemon restart Date:  Mon May 19 20:17:01 PDT 2014
Deluge-daemon restart Date:  Mon May 19 22:11:01 PDT 2014
Deluge-daemon restart Date:  Tue May 20 21:30:15 PDT 2014
Deluge-daemon restart Date:  Fri May 23 17:32:12 PDT 2014
Deluge-daemon restart Date:  Sun May 25 12:29:14 PDT 2014
Deluge-daemon restart Date:  Wed May 28 21:25:01 PDT 2014
Deluge-daemon restart Date:  Wed May 28 21:33:01 PDT 2014
Deluge-daemon restart Date:  Wed May 28 22:28:01 PDT 2014
Deluge-daemon restart Date:  Sun Jun 1 09:35:01 PDT 2014
Deluge-daemon restart Date:  Sun Jun 1 19:47:01 PDT 2014
Deluge-daemon restart Date:  Sun Jun 1 19:50:01 PDT 2014
Deluge-daemon restart Date:  Thu Jun 5 01:23:01 PDT 2014
Deluge-daemon restart Date:  Wed Jun 18 21:37:01 PDT 2014
Deluge-daemon restart Date:  Wed Jun 25 21:28:01 PDT 2014
Deluge-daemon restart Date:  Wed Jun 25 21:30:02 PDT 2014
Deluge-daemon restart Date:  Wed Jun 25 21:31:02 PDT 2014
Deluge-daemon restart Date:  Wed Jun 25 21:33:02 PDT 2014
Deluge-daemon restart Date:  Wed Jun 25 21:35:01 PDT 2014
Deluge-daemon restart Date:  Wed Jun 25 21:37:01 PDT 2014
Deluge-daemon restart Date:  Wed Jun 25 21:38:01 PDT 2014
Deluge-daemon restart Date:  Wed Jun 25 21:39:02 PDT 2014
Deluge-daemon restart Date:  Wed Jun 25 21:41:01 PDT 2014
Deluge-daemon restart Date:  Wed Jun 25 21:48:01 PDT 2014
Deluge-daemon restart Date:  Wed Jun 25 21:50:01 PDT 2014
Deluge-daemon restart Date:  Wed Jun 25 21:52:01 PDT 2014
Deluge-daemon restart Date:  Wed Jun 25 22:05:01 PDT 2014
Deluge-daemon restart Date:  Wed Jul 23 20:59:26 PDT 2014
Deluge-daemon restart Date:  Thu Aug 14 07:06:03 PDT 2014
Deluge-daemon restart Date:  Thu Aug 14 16:39:01 PDT 2014
Deluge-daemon restart Date:  Thu Aug 14 20:31:06 PDT 2014
Deluge-daemon restart Date:  Mon Sep 1 13:52:01 PDT 2014
Deluge-daemon restart Date:  Fri Sep 5 02:05:01 PDT 2014
Deluge-daemon restart Date:  Fri Sep 5 03:52:01 PDT 2014
Deluge-daemon restart Date:  Fri Sep 12 07:40:01 PDT 2014
Deluge-daemon restart Date:  Fri Sep 12 07:41:01 PDT 2014
Deluge-daemon restart Date:  Fri Sep 12 07:48:01 PDT 2014
Deluge-daemon restart Date:  Fri Sep 12 07:52:01 PDT 2014
Deluge-daemon restart Date:  Fri Sep 12 07:59:01 PDT 2014
Deluge-daemon restart Date:  Fri Sep 12 08:05:01 PDT 2014
Deluge-daemon restart Date:  Fri Sep 12 08:10:01 PDT 2014
Deluge-daemon restart Date:  Thu Sep 25 20:32:01 PDT 2014
Deluge-daemon restart Date:  Thu Sep 25 20:53:01 PDT 2014
Deluge-daemon restart Date:  Wed Oct 1 21:54:12 PDT 2014
Deluge-daemon restart Date:  Tue Oct 7 21:00:06 PDT 2014
Deluge-daemon restart Date:  Mon Oct 13 20:45:01 PDT 2014
